This is pdfTeX, Version 3.14159265-2.6-1.40.16 (TeX Live 2015/Debian) (preloaded format=pdflatex)
 restricted \write18 enabled.
entering extended mode
(./p2.tex
LaTeX2e <2016/02/01>
Babel <3.9q> and hyphenation patterns for 4 language(s) loaded.
(./template.sty (/usr/share/texlive/texmf-dist/tex/latex/base/article.cls
Document Class: article 2014/09/29 v1.4h Standard LaTeX document class
(/usr/share/texlive/texmf-dist/tex/latex/base/size10.clo))
(/usr/share/texlive/texmf-dist/tex/latex/base/inputenc.sty
(/usr/share/texlive/texmf-dist/tex/latex/base/utf8.def
(/usr/share/texlive/texmf-dist/tex/latex/base/t1enc.dfu)
(/usr/share/texlive/texmf-dist/tex/latex/base/ot1enc.dfu)
(/usr/share/texlive/texmf-dist/tex/latex/base/omsenc.dfu)))
(/usr/share/texlive/texmf-dist/tex/generic/babel/babel.sty
(/usr/share/texlive/texmf-dist/tex/generic/babel-portuges/portuges.ldf
(/usr/share/texlive/texmf-dist/tex/generic/babel/babel.def)))
(/usr/share/texlive/texmf-dist/tex/latex/amsmath/amsmath.sty
For additional information on amsmath, use the `?' option.
(/usr/share/texlive/texmf-dist/tex/latex/amsmath/amstext.sty
(/usr/share/texlive/texmf-dist/tex/latex/amsmath/amsgen.sty))
(/usr/share/texlive/texmf-dist/tex/latex/amsmath/amsbsy.sty)
(/usr/share/texlive/texmf-dist/tex/latex/amsmath/amsopn.sty))
(/usr/share/texlive/texmf-dist/tex/latex/amscls/amsthm.sty)
(/usr/share/texlive/texmf-dist/tex/latex/amsfonts/amssymb.sty
(/usr/share/texlive/texmf-dist/tex/latex/amsfonts/amsfonts.sty))
(/usr/share/texlive/texmf-dist/tex/latex/enumitem/enumitem.sty) (./dsfont.sty)
(/usr/share/texlive/texmf-dist/tex/latex/fancyhdr/fancyhdr.sty)
(/usr/share/texlive/texmf-dist/tex/latex/lastpage/lastpage.sty)
(/usr/share/texlive/texmf-dist/tex/latex/fancyhdr/extramarks.sty)
(/usr/share/texlive/texmf-dist/tex/latex/graphics/color.sty
(/usr/share/texlive/texmf-dist/tex/latex/latexconfig/color.cfg)
(/usr/share/texlive/texmf-dist/tex/latex/pdftex-def/pdftex.def
(/usr/share/texlive/texmf-dist/tex/generic/oberdiek/infwarerr.sty)
(/usr/share/texlive/texmf-dist/tex/generic/oberdiek/ltxcmds.sty))
(/usr/share/texlive/texmf-dist/tex/latex/graphics/dvipsnam.def))
(/usr/share/texlive/texmf-dist/tex/latex/graphics/graphicx.sty
(/usr/share/texlive/texmf-dist/tex/latex/graphics/keyval.sty)
(/usr/share/texlive/texmf-dist/tex/latex/graphics/graphics.sty
(/usr/share/texlive/texmf-dist/tex/latex/graphics/trig.sty)
(/usr/share/texlive/texmf-dist/tex/latex/latexconfig/graphics.cfg)))
(/usr/share/texlive/texmf-dist/tex/latex/listings/listings.sty
(/usr/share/texlive/texmf-dist/tex/latex/listings/lstmisc.sty)
(/usr/share/texlive/texmf-dist/tex/latex/listings/listings.cfg))
(/usr/share/texlive/texmf-dist/tex/latex/psnfss/courier.sty)
(/usr/share/texlive/texmf-dist/tex/latex/lipsum/lipsum.sty)) (./p2.aux)
(/usr/share/texlive/texmf-dist/tex/context/base/supp-pdf.mkii
[Loading MPS to PDF converter (version 2006.09.02).]
) (/usr/share/texlive/texmf-dist/tex/generic/oberdiek/pdftexcmds.sty
(/usr/share/texlive/texmf-dist/tex/generic/oberdiek/ifluatex.sty)
(/usr/share/texlive/texmf-dist/tex/generic/oberdiek/ifpdf.sty))
(/usr/share/texlive/texmf-dist/tex/latex/oberdiek/epstopdf-base.sty
(/usr/share/texlive/texmf-dist/tex/latex/oberdiek/grfext.sty
(/usr/share/texlive/texmf-dist/tex/generic/oberdiek/kvdefinekeys.sty))
(/usr/share/texlive/texmf-dist/tex/latex/oberdiek/kvoptions.sty
(/usr/share/texlive/texmf-dist/tex/generic/oberdiek/kvsetkeys.sty
(/usr/share/texlive/texmf-dist/tex/generic/oberdiek/etexcmds.sty)))
(/usr/share/texlive/texmf-dist/tex/latex/latexconfig/epstopdf-sys.cfg))
(/usr/share/texlive/texmf-dist/tex/latex/amsfonts/umsa.fd)
(/usr/share/texlive/texmf-dist/tex/latex/amsfonts/umsb.fd)

LaTeX Warning: Reference `LastPage' on page 1 undefined on input line 81.

[1{/var/lib/texmf/fonts/map/pdftex/updmap/pdftex.map}]

LaTeX Warning: Reference `LastPage' on page 2 undefined on input line 144.

[2]

LaTeX Warning: Reference `eq:prob_ex2' on page 3 undefined on input line 152.


Package lastpage Warning: Rerun to get the references right on input line 167.


AED: lastpage setting LastPage

LaTeX Warning: Reference `LastPage' on page 3 undefined on input line 167.

[3] (./p2.aux)

LaTeX Warning: There were undefined references.


LaTeX Warning: Label(s) may have changed. Rerun to get cross-references right.

 )</usr/share/texlive/texmf-dist/fonts/type1/public/amsfonts/cm/cmbx10.pfb></us
r/share/texlive/texmf-dist/fonts/type1/public/amsfonts/cm/cmbx12.pfb></usr/shar
e/texlive/texmf-dist/fonts/type1/public/amsfonts/cm/cmex10.pfb></usr/share/texl
ive/texmf-dist/fonts/type1/public/amsfonts/cm/cmmi10.pfb></usr/share/texlive/te
xmf-dist/fonts/type1/public/amsfonts/cm/cmmi7.pfb></usr/share/texlive/texmf-dis
t/fonts/type1/public/amsfonts/cm/cmr10.pfb></usr/share/texlive/texmf-dist/fonts
/type1/public/amsfonts/cm/cmr7.pfb></usr/share/texlive/texmf-dist/fonts/type1/p
ublic/amsfonts/cm/cmsy10.pfb></usr/share/texlive/texmf-dist/fonts/type1/public/
amsfonts/cm/cmsy7.pfb></usr/share/texlive/texmf-dist/fonts/type1/public/amsfont
s/cm/cmti10.pfb></usr/share/texlive/texmf-dist/fonts/type1/public/amsfonts/symb
ols/msbm10.pfb>
Output written on p2.pdf (3 pages, 121235 bytes).
Transcript written on p2.log.
